<?xml version="1.0" encoding="UTF-8" ?>
<testsuite tests="1" failures="1" name="test.TestRunner" time="10.567" errors="0" skipped="0">
  <properties>
    <property name="java.runtime.name" value="Java(TM) SE Runtime Environment"/>
    <property name="java.vm.version" value="12.0.2+10"/>
    <property name="sun.boot.library.path" value="C:\Progra~1\Java\jdk-12.0.2\bin"/>
    <property name="maven.multiModuleProjectDirectory" value="C:\Users\starikov-rg\IdeaProjects\test-prod-stab"/>
    <property name="java.vm.vendor" value="Oracle Corporation"/>
    <property name="java.vendor.url" value="https://java.oracle.com/"/>
    <property name="guice.disable.misplaced.annotation.check" value="true"/>
    <property name="path.separator" value=";"/>
    <property name="java.vm.name" value="Java HotSpot(TM) 64-Bit Server VM"/>
    <property name="sun.os.patch.level" value=""/>
    <property name="user.script" value=""/>
    <property name="user.country" value="RU"/>
    <property name="sun.java.launcher" value="SUN_STANDARD"/>
    <property name="java.vm.specification.name" value="Java Virtual Machine Specification"/>
    <property name="user.dir" value="C:\Users\starikov-rg\IdeaProjects\test-prod-stab"/>
    <property name="java.vm.compressedOopsMode" value="Zero based"/>
    <property name="java.runtime.version" value="12.0.2+10"/>
    <property name="java.awt.graphicsenv" value="sun.awt.Win32GraphicsEnvironment"/>
    <property name="os.arch" value="amd64"/>
    <property name="java.io.tmpdir" value="C:\Users\STARIK~1\AppData\Local\Temp\"/>
    <property name="line.separator" value="
"/>
    <property name="java.vm.specification.vendor" value="Oracle Corporation"/>
    <property name="user.variant" value=""/>
    <property name="os.name" value="Windows 10"/>
    <property name="classworlds.conf" value="C:\Program Files\apache-maven-3.6.1-bin\apache-maven-3.6.1\bin\..\bin\m2.conf"/>
    <property name="sun.jnu.encoding" value="Cp1251"/>
    <property name="java.library.path" value="C:\Progra~1\Java\jdk-12.0.2\bin;C:\WINDOWS\Sun\Java\bin;C:\WINDOWS\system32;C:\WINDOWS;C:\ProgramData\DockerDesktop\version-bin;C:\Program Files\Docker\Docker\Resources\bin;C:\Program Files (x86)\Common Files\Oracle\Java\javapath;C:\WINDOWS\system32;C:\WINDOWS;C:\WINDOWS\System32\Wbem;C:\WINDOWS\System32\WindowsPowerShell\v1.0\;C:\WINDOWS\System32\OpenSSH\;C:\Program Files\nodejs\;C:\Program Files\Git\cmd;C:\Program Files (x86)\Yarn\bin\;&quot;C:\Progra~1\Java\jdk-12.0.2&quot;\bin;C:\Program Files\Java\jdk-12.0.1\bin;C:\Program Files\apache-maven-3.6.1-bin\apache-maven-3.6.1\bin;C:\Users\starikov-rg\AppData\Local\Microsoft\WindowsApps;;D:\Program Files\JetBrains\PyCharm Community Edition 2019.2.1\bin;;D:\soft\IntelliJ IDEA Community Edition 2019.2.2\bin;;."/>
    <property name="maven.conf" value="C:\Program Files\apache-maven-3.6.1-bin\apache-maven-3.6.1\bin\../conf"/>
    <property name="jdk.debug" value="release"/>
    <property name="java.class.version" value="56.0"/>
    <property name="java.specification.name" value="Java Platform API Specification"/>
    <property name="sun.management.compiler" value="HotSpot 64-Bit Tiered Compilers"/>
    <property name="os.version" value="10.0"/>
    <property name="library.jansi.path" value="C:\Program Files\apache-maven-3.6.1-bin\apache-maven-3.6.1\bin\..\lib\jansi-native"/>
    <property name="user.home" value="C:\Users\starikov-rg"/>
    <property name="user.timezone" value="Asia/Yekaterinburg"/>
    <property name="file.encoding" value="Cp1251"/>
    <property name="java.specification.version" value="12"/>
    <property name="user.name" value="starikov-rg"/>
    <property name="java.class.path" value="C:\Program Files\apache-maven-3.6.1-bin\apache-maven-3.6.1\bin\..\boot\plexus-classworlds-2.6.0.jar"/>
    <property name="java.vm.specification.version" value="12"/>
    <property name="sun.arch.data.model" value="64"/>
    <property name="sun.java.command" value="org.codehaus.plexus.classworlds.launcher.Launcher test"/>
    <property name="java.home" value="C:\Progra~1\Java\jdk-12.0.2"/>
    <property name="user.language" value="ru"/>
    <property name="java.specification.vendor" value="Oracle Corporation"/>
    <property name="awt.toolkit" value="sun.awt.windows.WToolkit"/>
    <property name="java.vm.info" value="mixed mode, sharing"/>
    <property name="java.version" value="12.0.2"/>
    <property name="java.vendor" value="Oracle Corporation"/>
    <property name="sun.stderr.encoding" value="cp866"/>
    <property name="maven.home" value="C:\Program Files\apache-maven-3.6.1-bin\apache-maven-3.6.1\bin\.."/>
    <property name="file.separator" value="\"/>
    <property name="java.version.date" value="2019-07-16"/>
    <property name="java.vendor.url.bug" value="https://bugreport.java.com/bugreport/"/>
    <property name="sun.io.unicode.encoding" value="UnicodeLittle"/>
    <property name="sun.cpu.endian" value="little"/>
    <property name="sun.stdout.encoding" value="cp866"/>
    <property name="sun.desktop" value="windows"/>
    <property name="sun.cpu.isalist" value="amd64"/>
  </properties>
  <testcase classname="Prod Check" name="main page check" time="10.567">
    <failure message="Element should have attribute text=&quot;Р•РґРёРЅР°СЏ РёРЅС„РѕСЂРјР°С†РёРѕРЅРЅР°СЏ СЃРёСЃС‚РµРјР° Р¶РёР»РёС‰РЅРѕРіРѕ СЃС‚СЂРѕРёС‚РµР»СЊСЃС‚РІР°&quot; {title}
Element: &apos;&lt;title class=&quot;next-head&quot; displayed:false&gt;&lt;/title&gt;&apos;
Actual value: text=&quot;Единая информационная система жилищного строительства&quot;
Screenshot: file:/C:/Users/starikov-rg/IdeaProjects/test-prod-stab/build/reports/tests/1569488751613.0.png
Page source: file:/C:/Users/starikov-rg/IdeaProjects/test-prod-stab/build/reports/tests/1569488751613.0.html
Timeout: 4 s." type="com.codeborne.selenide.ex.ElementShould">com.codeborne.selenide.ex.ElementShould: Element should have attribute text=&quot;Р•РґРёРЅР°СЏ РёРЅС„РѕСЂРјР°С†РёРѕРЅРЅР°СЏ СЃРёСЃС‚РµРјР° Р¶РёР»РёС‰РЅРѕРіРѕ СЃС‚СЂРѕРёС‚РµР»СЊСЃС‚РІР°&quot; {title}
Element: &apos;&lt;title class=&quot;next-head&quot; displayed:false&gt;&lt;/title&gt;&apos;
Actual value: text=&quot;Единая информационная система жилищного строительства&quot;
Screenshot: file:/C:/Users/starikov-rg/IdeaProjects/test-prod-stab/build/reports/tests/1569488751613.0.png
Page source: file:/C:/Users/starikov-rg/IdeaProjects/test-prod-stab/build/reports/tests/1569488751613.0.html
Timeout: 4 s.
	at com.codeborne.selenide.impl.WebElementSource.checkCondition(WebElementSource.java:72)
	at com.codeborne.selenide.commands.Should.execute(Should.java:24)
	at com.codeborne.selenide.commands.Should.execute(Should.java:10)
	at com.codeborne.selenide.commands.Commands.execute(Commands.java:145)
	at com.codeborne.selenide.impl.SelenideElementProxy.dispatchAndRetry(SelenideElementProxy.java:99)
	at com.codeborne.selenide.impl.SelenideElementProxy.invoke(SelenideElementProxy.java:65)
	at com.sun.proxy.$Proxy14.shouldHave(Unknown Source)
	at test.MyStepdefs.checkPageTitle(MyStepdefs.java:21)
	at ✽.check page title(file:src/features/OpenProd.feature:6)
</failure>
    <system-out>Feature: Prod Check

  Scenario: main page check     &amp;#27;[90m# src/features/OpenProd.feature:4&amp;#27;[0m
    &amp;#27;[32mGiven &amp;#27;[0m&amp;#27;[32mopen main page&amp;#27;[0m        &amp;#27;[90m# MyStepdefs.openMainPage()&amp;#27;[0m
    &amp;#27;[31mThen &amp;#27;[0m&amp;#27;[31mcheck page title&amp;#27;[0m       &amp;#27;[90m# MyStepdefs.checkPageTitle()&amp;#27;[0m
      &amp;#27;[31mcom.codeborne.selenide.ex.ElementShould: Element should have attribute text=&quot;Р•РґРёРЅР°СЏ РёРЅС„РѕСЂРјР°С†РёРѕРЅРЅР°СЏ СЃРёСЃС‚РµРјР° Р¶РёР»РёС‰РЅРѕРіРѕ СЃС‚СЂРѕРёС‚РµР»СЊСЃС‚РІР°&quot; {title}
Element: &apos;&lt;title class=&quot;next-head&quot; displayed:false&gt;&lt;/title&gt;&apos;
Actual value: text=&quot;Единая информационная система жилищного строительства&quot;
Screenshot: file:/C:/Users/starikov-rg/IdeaProjects/test-prod-stab/build/reports/tests/1569488751613.0.png
Page source: file:/C:/Users/starikov-rg/IdeaProjects/test-prod-stab/build/reports/tests/1569488751613.0.html
Timeout: 4 s.
	at com.codeborne.selenide.impl.WebElementSource.checkCondition(WebElementSource.java:72)
	at com.codeborne.selenide.commands.Should.execute(Should.java:24)
	at com.codeborne.selenide.commands.Should.execute(Should.java:10)
	at com.codeborne.selenide.commands.Commands.execute(Commands.java:145)
	at com.codeborne.selenide.impl.SelenideElementProxy.dispatchAndRetry(SelenideElementProxy.java:99)
	at com.codeborne.selenide.impl.SelenideElementProxy.invoke(SelenideElementProxy.java:65)
	at com.sun.proxy.$Proxy14.shouldHave(Unknown Source)
	at test.MyStepdefs.checkPageTitle(MyStepdefs.java:21)
	at ?.check page title(file:src/features/OpenProd.feature:6)
&amp;#27;[0m
    &amp;#27;[36mAnd &amp;#27;[0m&amp;#27;[36mtitle is not 500 or 400&amp;#27;[0m &amp;#27;[90m# MyStepdefs.titleIsNot500or400()&amp;#27;[0m
</system-out>
    <system-err>сент. 26, 2019 2:05:41 PM com.codeborne.selenide.drivercommands.LazyDriver getAndCheckWebDriver
INFO: No webdriver is bound to current thread: 1 - let&apos;s create a new webdriver
SLF4J: Failed to load class &quot;org.slf4j.impl.StaticLoggerBinder&quot;.
SLF4J: Defaulting to no-operation (NOP) logger implementation
SLF4J: See http://www.slf4j.org/codes.html#StaticLoggerBinder for further details.
Starting ChromeDriver 77.0.3865.40 (f484704e052e0b556f8030b65b953dce96503217-refs/branch-heads/3865@{#442}) on port 9359
Only local connections are allowed.
Please protect ports used by ChromeDriver and related test frameworks to prevent access by malicious code.
сент. 26, 2019 2:05:44 PM org.openqa.selenium.remote.ProtocolHandshake createSession
INFO: Detected dialect: W3C
сент. 26, 2019 2:05:44 PM com.codeborne.selenide.webdriver.BrowserResizer adjustBrowserSize
INFO: Set browser size to 1366x768
сент. 26, 2019 2:05:45 PM com.codeborne.selenide.webdriver.WebDriverFactory logBrowserVersion
INFO: BrowserName=chrome Version=77.0.3865.90 Platform=XP
сент. 26, 2019 2:05:45 PM com.codeborne.selenide.webdriver.WebDriverFactory createWebDriver
INFO: Selenide v. 5.3.1
сент. 26, 2019 2:05:45 PM com.codeborne.selenide.webdriver.WebDriverFactory logSeleniumInfo
INFO: Selenium WebDriver v. 3.141.59 build time: 2018-11-14T08:17:03
сент. 26, 2019 2:05:45 PM com.codeborne.selenide.drivercommands.CreateDriverCommand createDriver
INFO: Create webdriver in current thread 1: ChromeDriver -&gt; ChromeDriver: chrome on XP (650e2b5cf43aa4307d1a0de5535fa65e)
</system-err>
  </testcase>
</testsuite>